C51 COMPILER V9.54   MAIN                                                                  03/25/2024 19:28:02 PAGE 1   


C51 COMPILER V9.54, COMPILATION OF MODULE MAIN
OBJECT MODULE PLACED IN .\Objects\main.obj
COMPILER INVOKED BY: E:\APP\Keil 5\C51\BIN\C51.EXE ..\..\ds1302\User\main.c OPTIMIZE(8,SPEED) BROWSE DEBUG OBJECTEXTEND 
                    -PRINT(.\Listings\main.lst) TABS(2) OBJECT(.\Objects\main.obj)

line level    source

   1          #include <STC15F2K60S2.H>
   2          #include "hardware.h"
   3          #include "onewire.h"
   4          
   5          void main()
   6          {
   7   1        float temp_temperature;
   8   1        Timer1Init();
   9   1        digs=&dis_buf[3];
  10   1        while(1)
  11   1        {
  12   2          if(timer250ms>=250)
  13   2          {
  14   3            timer250ms=0;
  15   3            temp_temperature=rd_temperature();
  16   3          
  17   3            digs[0]=(unsigned int)temp_temperature/10;
  18   3            digs[1]=(unsigned int)temp_temperature%10+32;
  19   3            digs[2]=(unsigned int)(temp_temperature*10)%10;
  20   3            digs[3]=(unsigned int)(temp_temperature*100)%10;
  21   3            digs[4]=(unsigned int)(temp_temperature*1000)%10;
  22   3            digs[5]=(unsigned int)(temp_temperature*10000)%10;
  23   3          }
  24   2        }
  25   1        
  26   1      }


MODULE INFORMATION:   STATIC OVERLAYABLE
   CODE SIZE        =    260    ----
   CONSTANT SIZE    =   ----    ----
   XDATA SIZE       =   ----    ----
   PDATA SIZE       =   ----    ----
   DATA SIZE        =   ----       4
   IDATA SIZE       =   ----    ----
   BIT SIZE         =   ----    ----
END OF MODULE INFORMATION.


C51 COMPILATION COMPLETE.  0 WARNING(S),  0 ERROR(S)
