C51 COMPILER V9.54   MAIN                                                                  01/25/2024 20:12:17 PAGE 1   


C51 COMPILER V9.54, COMPILATION OF MODULE MAIN
OBJECT MODULE PLACED IN .\Objects\main.obj
COMPILER INVOKED BY: E:\APP\Keil 5\C51\BIN\C51.EXE main.c OPTIMIZE(8,SPEED) BROWSE DEBUG OBJECTEXTEND PRINT(.\Listings\m
                    -ain.lst) TABS(2) OBJECT(.\Objects\main.obj)

line level    source

   1          #include <STC15F2K60S2.H>//引用头文件
   2          
   3          typedef unsigned int unit;
   4          
   5          /*void Delay(unit x)  //@12.000MHz
   6          {
   7            unsigned char data i, j;
   8          while(x--)
   9          {
  10            i = 4;
  11            j = 205;
  12            do
  13            {
  14              
  15             while (--j);
  16            } while (--i);
  17          }
  18          }
  19          */
  20          
  21          void Delay(unsigned int a)  //@12.000MHz     //延时函数
  22          {
  23   1        unsigned int b;
  24   1        while(a--)
  25   1        {
  26   2          for(b=0;b<125;b++);
  27   2        }
  28   1      }
  29          
  30          
  31          sbit DIOLA=P2^5;
  32          
  33          sbit Led1=P1^0;
  34          sbit Led2=P1^1;
  35          sbit Led3=P1^2;
  36          sbit Led4=P1^3;
  37          sbit Led5=P1^4;
  38          sbit Led6=P1^5;
  39          sbit Led7=P1^6;
  40          sbit Led8=P1^7;
  41          
  42          void main()
  43          {
  44   1        while(1)
  45   1        {
  46   2          DIOLA=1;
  47   2          //P1=0x5F; //0101 1111  0为亮 1为熄
  48   2          //P1=0x0;  //全亮
  49   2          //Led1=0;
  50   2          Delay(1000);
  51   2          //Led1=1;
  52   2          //Led3=0;
  53   2          Delay(1000);
  54   2          //Led3=1;
C51 COMPILER V9.54   MAIN                                                                  01/25/2024 20:12:17 PAGE 2   

  55   2          Led5=0;
  56   2          Delay(1000);
  57   2          Led5=1;
  58   2          Led7=0;
  59   2          Delay(1000);
  60   2          Led7=1;
  61   2        }
  62   1      }


MODULE INFORMATION:   STATIC OVERLAYABLE
   CODE SIZE        =     58    ----
   CONSTANT SIZE    =   ----    ----
   XDATA SIZE       =   ----    ----
   PDATA SIZE       =   ----    ----
   DATA SIZE        =   ----    ----
   IDATA SIZE       =   ----    ----
   BIT SIZE         =   ----    ----
END OF MODULE INFORMATION.


C51 COMPILATION COMPLETE.  0 WARNING(S),  0 ERROR(S)
