C51 COMPILER V9.54   DS1302                                                                03/27/2024 21:52:01 PAGE 1   


C51 COMPILER V9.54, COMPILATION OF MODULE DS1302
OBJECT MODULE PLACED IN .\Objects\ds1302.obj
COMPILER INVOKED BY: E:\APP\Keil 5\C51\BIN\C51.EXE ds1302.c OPTIMIZE(8,SPEED) BROWSE DEBUG OBJECTEXTEND PRINT(.\Listings
                    -\ds1302.lst) TABS(2) OBJECT(.\Objects\ds1302.obj)

line level    source

   1          /*  #   DS1302ä»£ç ç‰‡æ®µè¯´æ˜
   2            1.  æœ¬æ–‡ä»¶å¤¹ä¸­æä¾›çš„é©±åŠ¨ä»£ç ä¾›å‚èµ›é€‰æ‰‹å®Œæˆç¨‹åºè®¾è®¡å‚è€ƒã€‚
   3            2.  å‚èµ›é€‰æ‰‹å¯ä»¥è‡ªè¡Œç¼–å†™ç›¸å…³ä»£ç æˆ–ä»¥è¯¥ä»£ç ä¸ºåŸºç¡€ï¼Œæ ¹æ®æ‰€é€‰å•ç‰‡æœºç±»å‹ã€è¿
             -è¡Œé€Ÿåº¦å’Œè¯•é¢˜
   4              ä¸­å¯¹å•ç‰‡æœºæ—¶é’Ÿé¢‘ç‡çš„è¦æ±‚ï¼Œè¿›è¡Œä»£ç è°ƒè¯•å’Œä¿®æ”¹ã€‚
   5          */                
   6          #include "hardware.h"
   7          
   8          sbit SCK=P1^7;
   9          sbit SDA=P2^3;
  10          sbit RST=P1^3;
  11          
  12          //
  13          void Write_Ds1302(unsigned  char temp) 
  14          {
  15   1        unsigned char i;
  16   1        for (i=0;i<8;i++)       
  17   1        { 
  18   2          SCK = 0;
  19   2          SDA = temp&0x01;
  20   2          temp>>=1; 
  21   2          SCK=1;
  22   2        }
  23   1      }   
  24          
  25          //
  26          void Write_Ds1302_Byte( unsigned char address,unsigned char dat )     
  27          {
  28   1        RST=0;  _nop_();
  29   1        SCK=0;  _nop_();
  30   1        RST=1;  _nop_();  
  31   1        Write_Ds1302(address);  
  32   1        Write_Ds1302(dat);    
  33   1        RST=0; 
  34   1      }
  35          
  36          //
  37          unsigned char Read_Ds1302_Byte ( unsigned char address )
  38          {
  39   1        unsigned char i,temp=0x00;
  40   1        RST=0;  _nop_();
  41   1        SCK=0;  _nop_();
  42   1        RST=1;  _nop_();
  43   1        Write_Ds1302(address);
  44   1        for (i=0;i<8;i++)   
  45   1        {   
  46   2          SCK=0;
  47   2          temp>>=1; 
  48   2          if(SDA)
  49   2          temp|=0x80; 
  50   2          SCK=1;
  51   2        } 
  52   1        RST=0;  _nop_();
  53   1        SCK=0;  _nop_();
C51 COMPILER V9.54   DS1302                                                                03/27/2024 21:52:01 PAGE 2   

  54   1        SCK=1;  _nop_();
  55   1        SDA=0;  _nop_();
  56   1        SDA=1;  _nop_();
  57   1        return (temp);      
  58   1      }
  59          
  60          void write_ds1302()
  61          {
  62   1        digs=display[0];
  63   1        Write_Ds1302_Byte(0x84,digs[0]*0x10+digs[1]);
  64   1        Write_Ds1302_Byte(0x82,digs[3]*0x10+digs[4]);
  65   1        Write_Ds1302_Byte(0x80,digs[6]*0x10+digs[7]);
  66   1      }
  67          
  68          void read_ds1302()
  69          {
  70   1        //u8 temp;
  71   1        digs=display[0];
  72   1        
  73   1      //  temp=Read_Ds1302_Byte(0x85);
  74   1      //  digs[0]=temp/0x10;
  75   1      //  digs[1]=temp%0x10;
  76   1      //  
  77   1      //  temp=Read_Ds1302_Byte(0x83);
  78   1      //  digs[3]=temp/0x10;
  79   1      //  digs[4]=temp%0x10;
  80   1      //  
  81   1      //  temp=Read_Ds1302_Byte(0x81);
  82   1      //  digs[6]=temp/0x10;
  83   1      //  digs[7]=temp%0x10;
  84   1        
  85   1        digs[0]=Read_Ds1302_Byte(0x85)/0x10;
  86   1        digs[1]=Read_Ds1302_Byte(0x85)%0x10;
  87   1        
  88   1        digs[3]=Read_Ds1302_Byte(0x83)/0x10;
  89   1        digs[4]=Read_Ds1302_Byte(0x83)%0x10;
  90   1        
  91   1        digs[6]=Read_Ds1302_Byte(0x81)/0x10;
  92   1        digs[7]=Read_Ds1302_Byte(0x81)%0x10;
  93   1      }


MODULE INFORMATION:   STATIC OVERLAYABLE
   CODE SIZE        =    300    ----
   CONSTANT SIZE    =   ----    ----
   XDATA SIZE       =   ----    ----
   PDATA SIZE       =   ----    ----
   DATA SIZE        =   ----    ----
   IDATA SIZE       =   ----    ----
   BIT SIZE         =   ----    ----
END OF MODULE INFORMATION.


C51 COMPILATION COMPLETE.  0 WARNING(S),  0 ERROR(S)
