C51 COMPILER V9.54   MAIN                                                                  03/27/2024 21:52:01 PAGE 1   


C51 COMPILER V9.54, COMPILATION OF MODULE MAIN
OBJECT MODULE PLACED IN .\Objects\main.obj
COMPILER INVOKED BY: E:\APP\Keil 5\C51\BIN\C51.EXE main.c OPTIMIZE(8,SPEED) BROWSE DEBUG OBJECTEXTEND PRINT(.\Listings\m
                    -ain.lst) TABS(2) OBJECT(.\Objects\main.obj)

line level    source

   1          #include <STC15F2K60S2.H>
   2          #include "hardware.h"
   3          
   4          void main()
   5          {
   6   1        u8 mode_1=0;
   7   1        u8 mode_2=0;
   8   1        
   9   1        close();
  10   1        write_ds1302();
  11   1        Timer0_Init();
  12   1        Timer1_Init();
  13   1        
  14   1        while(1)
  15   1        {
  16   2          if(timer10ms>=10)
  17   2          {
  18   3            timer10ms=0;
  19   3            key_scan();
  20   3          }
  21   2          if(key_value==4&&key_state==2)
  22   2          {
  23   3            if(mode_1<2)
  24   3              mode_1++;
  25   3            else
  26   3            {
  27   4              mode_1=0;
  28   4              mode_2=0;
  29   4            }
  30   3          }
  31   2          
  32   2          switch(mode_1)
  33   2          {
  34   3            case '0':
  35   3              digs=display[0];
  36   3              break;
  37   3            
  38   3            case '1':
  39   3              digs=display[1];
  40   3              if(key_value==5&&key_state==2)
  41   3              {
  42   4                if(mode_2<2)
  43   4                  mode_2++;
  44   4                else
  45   4                  mode_2=0;
  46   4              }
  47   3              
  48   3              switch(mode_2)
  49   3              {
  50   4                case '0':
  51   4                  digs=display[2];
  52   4                  break;
  53   4                case '1':
  54   4                  digs=display[3];
C51 COMPILER V9.54   MAIN                                                                  03/27/2024 21:52:01 PAGE 2   

  55   4                  break;
  56   4                case '2':
  57   4                  digs=display[4];
  58   4                  break;
  59   4              }
  60   3              break;
  61   3              
  62   3            case '2':
  63   3              digs=display[5];
  64   3              break;
  65   3          }
  66   2        }
  67   1      
  68   1      }
  69          
  70          
  71          


MODULE INFORMATION:   STATIC OVERLAYABLE
   CODE SIZE        =    173    ----
   CONSTANT SIZE    =   ----    ----
   XDATA SIZE       =   ----    ----
   PDATA SIZE       =   ----    ----
   DATA SIZE        =   ----       2
   IDATA SIZE       =   ----    ----
   BIT SIZE         =   ----    ----
END OF MODULE INFORMATION.


C51 COMPILATION COMPLETE.  0 WARNING(S),  0 ERROR(S)
