C51 COMPILER V9.54   MAIN                                                                  12/13/2023 16:51:47 PAGE 1   


C51 COMPILER V9.54, COMPILATION OF MODULE MAIN
OBJECT MODULE PLACED IN .\Objects\main.obj
COMPILER INVOKED BY: E:\APP\Keil 5\C51\BIN\C51.EXE main.c OPTIMIZE(8,SPEED) BROWSE DEBUG OBJECTEXTEND PRINT(.\Listings\m
                    -ain.lst) TABS(2) OBJECT(.\Objects\main.obj)

line level    source

   1          #include <STC15F2K60S2.H>
   2          #include "hardware.h"
   3          
   4          void main()
   5          {
   6   1        int num=0;
   7   1        Timer1Init();
   8   1        
   9   1        while(1)
  10   1        {
  11   2      
  12   2        if(timer10ms>=10)
  13   2        {
  14   3          timer10ms=0;
  15   3            
  16   3          get_key();
  17   3          
  18   3          if(key_value==5&&key_state==2)
  19   3            num++;
  20   3          if(key_value==4&&key_state==2)
  21   3            num--;
  22   3          if(key_value==6&&key_state==2)
  23   3            num+=2;
  24   3          if(key_value==7&&key_state==2)
  25   3            num-=2;
  26   3        }
  27   2        if(num/10/10)
  28   2        seg_dis(num/10/10,1);
  29   2        if(num/10%10)
  30   2        seg_dis(num/10%10,2);
  31   2        if(num%10)
  32   2        seg_dis(num%10,3);
  33   2      }
  34   1      }


MODULE INFORMATION:   STATIC OVERLAYABLE
   CODE SIZE        =    196    ----
   CONSTANT SIZE    =   ----    ----
   XDATA SIZE       =   ----    ----
   PDATA SIZE       =   ----    ----
   DATA SIZE        =   ----       2
   IDATA SIZE       =   ----    ----
   BIT SIZE         =   ----    ----
END OF MODULE INFORMATION.


C51 COMPILATION COMPLETE.  0 WARNING(S),  0 ERROR(S)
