C51 COMPILER V9.54   MAIN                                                                  12/22/2023 16:06:40 PAGE 1   


C51 COMPILER V9.54, COMPILATION OF MODULE MAIN
OBJECT MODULE PLACED IN .\Objects\main.obj
COMPILER INVOKED BY: E:\APP\Keil 5\C51\BIN\C51.EXE ..\..\ds1302\User\main.c OPTIMIZE(8,SPEED) BROWSE DEBUG OBJECTEXTEND 
                    -PRINT(.\Listings\main.lst) TABS(2) OBJECT(.\Objects\main.obj)

line level    source

   1          #include <STC15F2K60S2.H>
   2          #include "hardware.h"
   3          #include "onewire.h"
   4          #include "icc.h"
   5          
   6          void main()
   7          {
   8   1        unsigned char temp_24c02;
   9   1        while(1)
  10   1        {
  11   2          Timer1Init();
  12   2          
  13   2          write_byte_at24c02(0x55,0xA3);
  14   2          
  15   2          if(timer10ms>=10)
  16   2          temp_24c02=read_byte_at24c02(0x55);
  17   2          
  18   2          digs=&dis_buf[0];
  19   2          
  20   2          digs[2]=temp_24c02/0x10;
  21   2          digs[3]=temp_24c02%0x10;
  22   2       
  23   2          
  24   2          DIGs_show();
  25   2        }
  26   1        
  27   1      }


MODULE INFORMATION:   STATIC OVERLAYABLE
   CODE SIZE        =     62    ----
   CONSTANT SIZE    =   ----    ----
   XDATA SIZE       =   ----    ----
   PDATA SIZE       =   ----    ----
   DATA SIZE        =   ----       1
   IDATA SIZE       =   ----    ----
   BIT SIZE         =   ----    ----
END OF MODULE INFORMATION.


C51 COMPILATION COMPLETE.  0 WARNING(S),  0 ERROR(S)
