C51 COMPILER V9.54   ONEWIRE                                                               12/22/2023 16:06:41 PAGE 1   


C51 COMPILER V9.54, COMPILATION OF MODULE ONEWIRE
OBJECT MODULE PLACED IN .\Objects\onewire.obj
COMPILER INVOKED BY: E:\APP\Keil 5\C51\BIN\C51.EXE onewire.c OPTIMIZE(8,SPEED) BROWSE DEBUG OBJECTEXTEND PRINT(.\Listing
                    -s\onewire.lst) TABS(2) OBJECT(.\Objects\onewire.obj)

line level    source

   1          /*  #   å•æ€»çº¿ä»£ç ç‰‡æ®µè¯´æ˜
   2            1.  æœ¬æ–‡ä»¶å¤¹ä¸­æä¾›çš„é©±åŠ¨ä»£ç ä¾›å‚èµ›é€‰æ‰‹å®Œæˆç¨‹åºè®¾è®¡å‚è€ƒã€‚
   3            2.  å‚èµ›é€‰æ‰‹å¯ä»¥è‡ªè¡Œç¼–å†™ç›¸å…³ä»£ç æˆ–ä»¥è¯¥ä»£ç ä¸ºåŸºç¡€ï¼Œæ ¹æ®æ‰€é€‰å•ç‰‡æœºç±»å‹ã€è¿
             -è¡Œé€Ÿåº¦å’Œè¯•é¢˜
   4              ä¸­å¯¹å•ç‰‡æœºæ—¶é’Ÿé¢‘ç‡çš„è¦æ±‚ï¼Œè¿›è¡Œä»£ç è°ƒè¯•å’Œä¿®æ”¹ã€‚
   5          */
   6          #include "onewire.h"
   7          
   8          
   9          sbit DQ=P1^4;
  10          //
  11          void Delay_OneWire(unsigned int t)  
  12          {
  13   1        unsigned char i;
  14   1        while(t--){
  15   2          for(i=0;i<6;i++);
  16   2        }
  17   1      }
  18          
  19          //
  20          void Write_DS18B20(unsigned char dat)
  21          {
  22   1        unsigned char i;
  23   1        for(i=0;i<8;i++)
  24   1        {
  25   2          DQ = 0;
  26   2          DQ = dat&0x01;
  27   2          Delay_OneWire(5);
  28   2          DQ = 1;
  29   2          dat >>= 1;
  30   2        }
  31   1        Delay_OneWire(5);
  32   1      }
  33          
  34          //
  35          unsigned char Read_DS18B20(void)
  36          {
  37   1        unsigned char i;
  38   1        unsigned char dat;
  39   1        
  40   1        for(i=0;i<8;i++)
  41   1        {
  42   2          DQ = 0;
  43   2          dat >>= 1;
  44   2          DQ = 1;
  45   2          if(DQ)
  46   2          {
  47   3            dat |= 0x80;
  48   3          }     
  49   2          Delay_OneWire(5);
  50   2        }
  51   1        return dat;
  52   1      }
  53          
C51 COMPILER V9.54   ONEWIRE                                                               12/22/2023 16:06:41 PAGE 2   

  54          //
  55          bit init_ds18b20(void)
  56          {
  57   1          bit initflag = 0;
  58   1          
  59   1          DQ = 1;
  60   1          Delay_OneWire(12);
  61   1          DQ = 0;
  62   1          Delay_OneWire(80);
  63   1          DQ = 1;
  64   1          Delay_OneWire(10); 
  65   1          initflag = DQ;     
  66   1          Delay_OneWire(5);
  67   1        
  68   1          return initflag;
  69   1      }
  70          
  71          float rd_temperature()
  72          {
  73   1        unsigned char temp_low,temp_high;
  74   1        
  75   1        init_ds18b20();
  76   1        Write_DS18B20(0xCC);
  77   1        Write_DS18B20(0x44);
  78   1        
  79   1        init_ds18b20();
  80   1        Write_DS18B20(0xCC);
  81   1        Write_DS18B20(0xBE);
  82   1        
  83   1        temp_low=Read_DS18B20();
  84   1        temp_high=Read_DS18B20();
  85   1        
  86   1        return 0.0625*(float)((unsigned int)temp_high<<8|temp_low);
  87   1      }


MODULE INFORMATION:   STATIC OVERLAYABLE
   CODE SIZE        =    174    ----
   CONSTANT SIZE    =   ----    ----
   XDATA SIZE       =   ----    ----
   PDATA SIZE       =   ----    ----
   DATA SIZE        =   ----    ----
   IDATA SIZE       =   ----    ----
   BIT SIZE         =   ----       1
END OF MODULE INFORMATION.


C51 COMPILATION COMPLETE.  0 WARNING(S),  0 ERROR(S)
